Error executing NPC script, NPC ID : 9010000.java.lang.NoSuchMethodException: no such method: action
Error executing NPC script, NPC ID : 9010000.java.lang.NoSuchMethodException: no such method: action
Error executing NPC script, NPC ID : 9010000.java.lang.NoSuchMethodException: no such method: action
Error executing NPC script, NPC ID : 9010000.java.lang.NoSuchMethodException: no such method: action
Error executing NPC script, NPC ID : 9010000.java.lang.NoSuchMethodException: no such method: action
Error executing NPC script, NPC ID : 9201099.java.lang.NoSuchMethodException: no such method: action
Error executing NPC script, NPC ID : 9201099.java.lang.NoSuchMethodException: no such method: action
Error executing NPC script, NPC ID : 9201099.java.lang.NoSuchMethodException: no such method: action
Error executing NPC script, NPC ID : 9201099.java.lang.NoSuchMethodException: no such method: action
Error executing NPC script. NPC ID : 9102002:javax.script.ScriptException: sun.org.mozilla.javascript.internal.EcmaError: TypeError: Cannot read property "-1" from null (<Unknown source>#27) in <Unknown source> at line number 27
Error executing NPC script, NPC ID : 9010000.java.lang.NoSuchMethodException: no such method: action
Error executing NPC script, NPC ID : 9010000.java.lang.NoSuchMethodException: no such method: action
Error executing NPC script, NPC ID : 9010000.java.lang.NoSuchMethodException: no such method: action
Error executing NPC script, NPC ID : 9010000.java.lang.NoSuchMethodException: no such method: action
Error executing NPC script, NPC ID : 9010000.java.lang.NoSuchMethodException: no such method: action
Error executing NPC script, NPC ID : 9010000.java.lang.NoSuchMethodException: no such method: action
Error executing NPC script. NPC ID : 9310008:javax.script.ScriptException: sun.org.mozilla.javascript.internal.WrappedException: Wrapped java.lang.NullPointerException (<Unknown source>#137) in <Unknown source> at line number 137
Error executing NPC script, NPC ID : 9010000.java.lang.NoSuchMethodException: no such method: action
Error executing NPC script, NPC ID : 9010000.java.lang.NoSuchMethodException: no such method: action
Error executing NPC script, NPC ID : 9010000.java.lang.NoSuchMethodException: no such method: action
Error executing NPC script, NPC ID : 9201099.java.lang.NoSuchMethodException: no such method: action
Error executing NPC script, NPC ID : 9201099.java.lang.NoSuchMethodException: no such method: action
Error executing NPC script, NPC ID : 9201099.java.lang.NoSuchMethodException: no such method: action
Error executing NPC script. NPC ID : 9010022:javax.script.ScriptException: sun.org.mozilla.javascript.internal.WrappedException: Wrapped java.lang.NullPointerException (<Unknown source>#77) in <Unknown source> at line number 77
Error executing NPC script. NPC ID : 9010022:javax.script.ScriptException: sun.org.mozilla.javascript.internal.WrappedException: Wrapped java.lang.NullPointerException (<Unknown source>#77) in <Unknown source> at line number 77
Error executing NPC script, NPC ID : 9010000.java.lang.NoSuchMethodException: no such method: action
Error executing NPC script, NPC ID : 9010000.java.lang.NoSuchMethodException: no such method: action
Error executing NPC script, NPC ID : 9010000.java.lang.NoSuchMethodException: no such method: action
Error executing NPC script, NPC ID : 9010000.java.lang.NoSuchMethodException: no such method: action
Error executing NPC script. NPC ID : 9310008:javax.script.ScriptException: sun.org.mozilla.javascript.internal.WrappedException: Wrapped java.lang.NullPointerException (<Unknown source>#137) in <Unknown source> at line number 137
Error executing NPC script. NPC ID : 9310008:javax.script.ScriptException: sun.org.mozilla.javascript.internal.WrappedException: Wrapped java.lang.NullPointerException (<Unknown source>#137) in <Unknown source> at line number 137
Error executing NPC script. NPC ID : 9070007:javax.script.ScriptException: sun.org.mozilla.javascript.internal.EcmaError: TypeError: Cannot find function getBattler in object client.MapleCharacter@3a845aed. (<Unknown source>#10) in <Unknown source> at line number 10
Error executing NPC script, NPC ID : 9010000.java.lang.NoSuchMethodException: no such method: action
Error executing NPC script. NPC ID : 9200000:javax.script.ScriptException: sun.org.mozilla.javascript.internal.EcmaError: TypeError: Cannot find function gmLevel in object client.MapleCharacter@6ffa9cc1. (<Unknown source>#34) in <Unknown source> at line number 34
Error executing NPC script. NPC ID : 9200000:javax.script.ScriptException: sun.org.mozilla.javascript.internal.EcmaError: TypeError: Cannot find function gmLevel in object client.MapleCharacter@6ffa9cc1. (<Unknown source>#34) in <Unknown source> at line number 34
Error executing NPC script. NPC ID : 9200000:javax.script.ScriptException: sun.org.mozilla.javascript.internal.EcmaError: TypeError: Cannot find function gmLevel in object client.MapleCharacter@6ffa9cc1. (<Unknown source>#34) in <Unknown source> at line number 34
Error executing NPC script. NPC ID : 9310008:javax.script.ScriptException: sun.org.mozilla.javascript.internal.WrappedException: Wrapped java.lang.NullPointerException (<Unknown source>#137) in <Unknown source> at line number 137
Error executing NPC script. NPC ID : 9310008:javax.script.ScriptException: sun.org.mozilla.javascript.internal.WrappedException: Wrapped java.lang.NullPointerException (<Unknown source>#137) in <Unknown source> at line number 137
Error entering Portalscript: exit_shmmosP (TargetMapID: 999999999, PortalID: 1) : java.lang.reflect.UndeclaredThrowableException / java.security.PrivilegedActionException: javax.script.ScriptException: sun.org.mozilla.javascript.internal.WrappedException: Wrapped java.lang.NullPointerException (<Unknown Source>#7) in <Unknown Source> at line number 7
Error executing NPC script. NPC ID : 9010022:javax.script.ScriptException: sun.org.mozilla.javascript.internal.WrappedException: Wrapped java.lang.NullPointerException (<Unknown source>#77) in <Unknown source> at line number 77
Error executing NPC script. NPC ID : 9310008:javax.script.ScriptException: sun.org.mozilla.javascript.internal.WrappedException: Wrapped java.lang.NullPointerException (<Unknown source>#137) in <Unknown source> at line number 137
Error executing NPC script. NPC ID : 9310008:javax.script.ScriptException: sun.org.mozilla.javascript.internal.WrappedException: Wrapped java.lang.NullPointerException (<Unknown source>#137) in <Unknown source> at line number 137
Error executing NPC script. NPC ID : 9310008:javax.script.ScriptException: sun.org.mozilla.javascript.internal.WrappedException: Wrapped java.lang.NullPointerException (<Unknown source>#137) in <Unknown source> at line number 137
Error executing NPC script, NPC ID : 9010000.java.lang.NoSuchMethodException: no such method: action
Error executing NPC script. NPC ID : 9310008:javax.script.ScriptException: sun.org.mozilla.javascript.internal.WrappedException: Wrapped java.lang.NullPointerException (<Unknown source>#137) in <Unknown source> at line number 137
Error executing NPC script. NPC ID : 9310008:javax.script.ScriptException: sun.org.mozilla.javascript.internal.WrappedException: Wrapped java.lang.NullPointerException (<Unknown source>#137) in <Unknown source> at line number 137
Error executing NPC script. NPC ID : 9310008:javax.script.ScriptException: sun.org.mozilla.javascript.internal.WrappedException: Wrapped java.lang.NullPointerException (<Unknown source>#137) in <Unknown source> at line number 137
Error entering Portalscript: MD_space (TargetMapID: 999999999, PortalID: 9) : java.lang.reflect.UndeclaredThrowableException / java.security.PrivilegedActionException: javax.script.ScriptException: sun.org.mozilla.javascript.internal.EcmaError: TypeError: Cannot find function message in object client.MapleCharacter@51484cc7. (<Unknown Source>#32) in <Unknown Source> at line number 32
Error entering Portalscript: MD_space (TargetMapID: 999999999, PortalID: 9) : java.lang.reflect.UndeclaredThrowableException / java.security.PrivilegedActionException: javax.script.ScriptException: sun.org.mozilla.javascript.internal.EcmaError: TypeError: Cannot find function message in object client.MapleCharacter@51484cc7. (<Unknown Source>#32) in <Unknown Source> at line number 32
Error entering Portalscript: MD_space (TargetMapID: 999999999, PortalID: 9) : java.lang.reflect.UndeclaredThrowableException / java.security.PrivilegedActionException: javax.script.ScriptException: sun.org.mozilla.javascript.internal.EcmaError: TypeError: Cannot find function message in object client.MapleCharacter@51484cc7. (<Unknown Source>#32) in <Unknown Source> at line number 32
Error entering Portalscript: MD_space (TargetMapID: 999999999, PortalID: 9) : java.lang.reflect.UndeclaredThrowableException / java.security.PrivilegedActionException: javax.script.ScriptException: sun.org.mozilla.javascript.internal.EcmaError: TypeError: Cannot find function message in object client.MapleCharacter@51484cc7. (<Unknown Source>#32) in <Unknown Source> at line number 32
Error executing NPC script, NPC ID : 9010000.java.lang.NoSuchMethodException: no such method: action
Error executing NPC script, NPC ID : 9010000.java.lang.NoSuchMethodException: no such method: action
Error executing NPC script, NPC ID : 9010000.java.lang.NoSuchMethodException: no such method: action
Error executing NPC script, NPC ID : 9201003.javax.script.ScriptException: sun.org.mozilla.javascript.internal.EcmaError: TypeError: Cannot find function getMarriageQuestLevel in object client.MapleCharacter@16da031. (<Unknown source>#46) in <Unknown source> at line number 46
Error executing NPC script, NPC ID : 9010000.java.lang.NoSuchMethodException: no such method: action
Error executing NPC script, NPC ID : 9201003.javax.script.ScriptException: sun.org.mozilla.javascript.internal.EcmaError: TypeError: Cannot find function getMarriageQuestLevel in object client.MapleCharacter@16da031. (<Unknown source>#46) in <Unknown source> at line number 46
Error executing NPC script, NPC ID : 9201003.javax.script.ScriptException: sun.org.mozilla.javascript.internal.EcmaError: TypeError: Cannot find function getMarriageQuestLevel in object client.MapleCharacter@16da031. (<Unknown source>#46) in <Unknown source> at line number 46
Error executing NPC script, NPC ID : 9010000.java.lang.NoSuchMethodException: no such method: action
Error executing NPC script, NPC ID : 9010000.java.lang.NoSuchMethodException: no such method: action
Error entering Portalscript: outCG (TargetMapID: 999999999, PortalID: 5) : java.lang.reflect.UndeclaredThrowableException / java.security.PrivilegedActionException: javax.script.ScriptException: sun.org.mozilla.javascript.internal.WrappedException: Wrapped java.lang.IllegalArgumentException: No enum constant server.maps.SavedLocationType.CRYSTALGARDEN (<Unknown Source>#17) in <Unknown Source> at line number 17
Error entering Portalscript: outCG (TargetMapID: 999999999, PortalID: 5) : java.lang.reflect.UndeclaredThrowableException / java.security.PrivilegedActionException: javax.script.ScriptException: sun.org.mozilla.javascript.internal.WrappedException: Wrapped java.lang.IllegalArgumentException: No enum constant server.maps.SavedLocationType.CRYSTALGARDEN (<Unknown Source>#17) in <Unknown Source> at line number 17
Error entering Portalscript: outCG (TargetMapID: 999999999, PortalID: 5) : java.lang.reflect.UndeclaredThrowableException / java.security.PrivilegedActionException: javax.script.ScriptException: sun.org.mozilla.javascript.internal.WrappedException: Wrapped java.lang.IllegalArgumentException: No enum constant server.maps.SavedLocationType.CRYSTALGARDEN (<Unknown Source>#17) in <Unknown Source> at line number 17
Error executing NPC script, NPC ID : 9010000.java.lang.NoSuchMethodException: no such method: action
javax.script.ScriptException: sun.org.mozilla.javascript.internal.EcmaError: TypeError: Cannot call method "resetFully" of null (<Unknown source>#13) in <Unknown source> at line number 13
	at com.sun.script.javascript.RhinoScriptEngine.invoke(Unknown Source)
	at com.sun.script.javascript.RhinoScriptEngine.invokeFunction(Unknown Source)
	at scripting.EventManager.startInstance_Party(EventManager.java:212)
	at sun.reflect.NativeMethodAccessorImpl.invoke0(Native Method)
	at sun.reflect.NativeMethodAccessorImpl.invoke(Unknown Source)
	at sun.reflect.DelegatingMethodAccessorImpl.invoke(Unknown Source)
	at java.lang.reflect.Method.invoke(Unknown Source)
	at sun.org.mozilla.javascript.internal.MemberBox.invoke(Unknown Source)
	at sun.org.mozilla.javascript.internal.NativeJavaMethod.call(Unknown Source)
	at sun.org.mozilla.javascript.internal.Interpreter.interpretLoop(Unknown Source)
	at sun.org.mozilla.javascript.internal.Interpreter.interpret(Unknown Source)
	at sun.org.mozilla.javascript.internal.InterpretedFunction.call(Unknown Source)
	at sun.org.mozilla.javascript.internal.ContextFactory.doTopCall(Unknown Source)
	at com.sun.script.javascript.RhinoScriptEngine$1.superDoTopCall(Unknown Source)
	at com.sun.script.javascript.RhinoScriptEngine$1.doTopCall(Unknown Source)
	at sun.org.mozilla.javascript.internal.ScriptRuntime.doTopCall(Unknown Source)
	at sun.org.mozilla.javascript.internal.InterpretedFunction.call(Unknown Source)
	at com.sun.script.javascript.RhinoScriptEngine.invoke(Unknown Source)
	at com.sun.script.javascript.RhinoScriptEngine.invokeFunction(Unknown Source)
	at scripting.NPCScriptManager.action(NPCScriptManager.java:92)
	at handling.channel.handler.NPCHandler.NPCMoreTalk(NPCHandler.java:403)
	at handling.MapleServerHandler.handlePacket(MapleServerHandler.java:954)
	at handling.MapleServerHandler.messageReceived(MapleServerHandler.java:462)
	at org.apache.mina.common.support.AbstractIoFilterChain$TailFilter.messageReceived(AbstractIoFilterChain.java:570)
	at org.apache.mina.common.support.AbstractIoFilterChain.callNextMessageReceived(AbstractIoFilterChain.java:299)
	at org.apache.mina.common.support.AbstractIoFilterChain.access$1100(AbstractIoFilterChain.java:53)
	at org.apache.mina.common.support.AbstractIoFilterChain$EntryImpl$1.messageReceived(AbstractIoFilterChain.java:648)
	at org.apache.mina.filter.codec.support.SimpleProtocolDecoderOutput.flush(SimpleProtocolDecoderOutput.java:58)
	at org.apache.mina.filter.codec.ProtocolCodecFilter.messageReceived(ProtocolCodecFilter.java:180)
	at org.apache.mina.common.support.AbstractIoFilterChain.callNextMessageReceived(AbstractIoFilterChain.java:299)
	at org.apache.mina.common.support.AbstractIoFilterChain.access$1100(AbstractIoFilterChain.java:53)
	at org.apache.mina.common.support.AbstractIoFilterChain$EntryImpl$1.messageReceived(AbstractIoFilterChain.java:648)
	at org.apache.mina.filter.executor.ExecutorFilter.processEvent(ExecutorFilter.java:220)
	at org.apache.mina.filter.executor.ExecutorFilter$ProcessEventsRunnable.run(ExecutorFilter.java:264)
	at java.util.concurrent.ThreadPoolExecutor.runWorker(Unknown Source)
	at java.util.concurrent.ThreadPoolExecutor$Worker.run(Unknown Source)
	at org.apache.mina.util.NamePreservingRunnable.run(NamePreservingRunnable.java:51)
	at java.lang.Thread.run(Unknown Source)
Caused by: sun.org.mozilla.javascript.internal.EcmaError: TypeError: Cannot call method "resetFully" of null (<Unknown source>#13)
	at sun.org.mozilla.javascript.internal.ScriptRuntime.constructError(Unknown Source)
	at sun.org.mozilla.javascript.internal.ScriptRuntime.constructError(Unknown Source)
	at sun.org.mozilla.javascript.internal.ScriptRuntime.typeError(Unknown Source)
	at sun.org.mozilla.javascript.internal.ScriptRuntime.typeError2(Unknown Source)
	at sun.org.mozilla.javascript.internal.ScriptRuntime.undefCallError(Unknown Source)
	at sun.org.mozilla.javascript.internal.ScriptRuntime.getPropFunctionAndThisHelper(Unknown Source)
	at sun.org.mozilla.javascript.internal.ScriptRuntime.getPropFunctionAndThis(Unknown Source)
	at sun.org.mozilla.javascript.internal.Interpreter.interpretLoop(Unknown Source)
	at sun.org.mozilla.javascript.internal.Interpreter.interpret(Unknown Source)
	at sun.org.mozilla.javascript.internal.InterpretedFunction.call(Unknown Source)
	... 38 more
javax.script.ScriptException: sun.org.mozilla.javascript.internal.EcmaError: TypeError: Cannot call method "resetFully" of null (<Unknown source>#13) in <Unknown source> at line number 13
	at com.sun.script.javascript.RhinoScriptEngine.invoke(Unknown Source)
	at com.sun.script.javascript.RhinoScriptEngine.invokeFunction(Unknown Source)
	at scripting.EventManager.startInstance_Party(EventManager.java:212)
	at sun.reflect.NativeMethodAccessorImpl.invoke0(Native Method)
	at sun.reflect.NativeMethodAccessorImpl.invoke(Unknown Source)
	at sun.reflect.DelegatingMethodAccessorImpl.invoke(Unknown Source)
	at java.lang.reflect.Method.invoke(Unknown Source)
	at sun.org.mozilla.javascript.internal.MemberBox.invoke(Unknown Source)
	at sun.org.mozilla.javascript.internal.NativeJavaMethod.call(Unknown Source)
	at sun.org.mozilla.javascript.internal.Interpreter.interpretLoop(Unknown Source)
	at sun.org.mozilla.javascript.internal.Interpreter.interpret(Unknown Source)
	at sun.org.mozilla.javascript.internal.InterpretedFunction.call(Unknown Source)
	at sun.org.mozilla.javascript.internal.ContextFactory.doTopCall(Unknown Source)
	at com.sun.script.javascript.RhinoScriptEngine$1.superDoTopCall(Unknown Source)
	at com.sun.script.javascript.RhinoScriptEngine$1.doTopCall(Unknown Source)
	at sun.org.mozilla.javascript.internal.ScriptRuntime.doTopCall(Unknown Source)
	at sun.org.mozilla.javascript.internal.InterpretedFunction.call(Unknown Source)
	at com.sun.script.javascript.RhinoScriptEngine.invoke(Unknown Source)
	at com.sun.script.javascript.RhinoScriptEngine.invokeFunction(Unknown Source)
	at scripting.NPCScriptManager.action(NPCScriptManager.java:92)
	at handling.channel.handler.NPCHandler.NPCMoreTalk(NPCHandler.java:403)
	at handling.MapleServerHandler.handlePacket(MapleServerHandler.java:954)
	at handling.MapleServerHandler.messageReceived(MapleServerHandler.java:462)
	at org.apache.mina.common.support.AbstractIoFilterChain$TailFilter.messageReceived(AbstractIoFilterChain.java:570)
	at org.apache.mina.common.support.AbstractIoFilterChain.callNextMessageReceived(AbstractIoFilterChain.java:299)
	at org.apache.mina.common.support.AbstractIoFilterChain.access$1100(AbstractIoFilterChain.java:53)
	at org.apache.mina.common.support.AbstractIoFilterChain$EntryImpl$1.messageReceived(AbstractIoFilterChain.java:648)
	at org.apache.mina.filter.codec.support.SimpleProtocolDecoderOutput.flush(SimpleProtocolDecoderOutput.java:58)
	at org.apache.mina.filter.codec.ProtocolCodecFilter.messageReceived(ProtocolCodecFilter.java:180)
	at org.apache.mina.common.support.AbstractIoFilterChain.callNextMessageReceived(AbstractIoFilterChain.java:299)
	at org.apache.mina.common.support.AbstractIoFilterChain.access$1100(AbstractIoFilterChain.java:53)
	at org.apache.mina.common.support.AbstractIoFilterChain$EntryImpl$1.messageReceived(AbstractIoFilterChain.java:648)
	at org.apache.mina.filter.executor.ExecutorFilter.processEvent(ExecutorFilter.java:220)
	at org.apache.mina.filter.executor.ExecutorFilter$ProcessEventsRunnable.run(ExecutorFilter.java:264)
	at java.util.concurrent.ThreadPoolExecutor.runWorker(Unknown Source)
	at java.util.concurrent.ThreadPoolExecutor$Worker.run(Unknown Source)
	at org.apache.mina.util.NamePreservingRunnable.run(NamePreservingRunnable.java:51)
	at java.lang.Thread.run(Unknown Source)
Caused by: sun.org.mozilla.javascript.internal.EcmaError: TypeError: Cannot call method "resetFully" of null (<Unknown source>#13)
	at sun.org.mozilla.javascript.internal.ScriptRuntime.constructError(Unknown Source)
	at sun.org.mozilla.javascript.internal.ScriptRuntime.constructError(Unknown Source)
	at sun.org.mozilla.javascript.internal.ScriptRuntime.typeError(Unknown Source)
	at sun.org.mozilla.javascript.internal.ScriptRuntime.typeError2(Unknown Source)
	at sun.org.mozilla.javascript.internal.ScriptRuntime.undefCallError(Unknown Source)
	at sun.org.mozilla.javascript.internal.ScriptRuntime.getPropFunctionAndThisHelper(Unknown Source)
	at sun.org.mozilla.javascript.internal.ScriptRuntime.getPropFunctionAndThis(Unknown Source)
	at sun.org.mozilla.javascript.internal.Interpreter.interpretLoop(Unknown Source)
	at sun.org.mozilla.javascript.internal.Interpreter.interpret(Unknown Source)
	at sun.org.mozilla.javascript.internal.InterpretedFunction.call(Unknown Source)
	... 38 more
javax.script.ScriptException: sun.org.mozilla.javascript.internal.EcmaError: TypeError: Cannot call method "resetFully" of null (<Unknown source>#13) in <Unknown source> at line number 13
	at com.sun.script.javascript.RhinoScriptEngine.invoke(Unknown Source)
	at com.sun.script.javascript.RhinoScriptEngine.invokeFunction(Unknown Source)
	at scripting.EventManager.startInstance_Party(EventManager.java:212)
	at sun.reflect.NativeMethodAccessorImpl.invoke0(Native Method)
	at sun.reflect.NativeMethodAccessorImpl.invoke(Unknown Source)
	at sun.reflect.DelegatingMethodAccessorImpl.invoke(Unknown Source)
	at java.lang.reflect.Method.invoke(Unknown Source)
	at sun.org.mozilla.javascript.internal.MemberBox.invoke(Unknown Source)
	at sun.org.mozilla.javascript.internal.NativeJavaMethod.call(Unknown Source)
	at sun.org.mozilla.javascript.internal.Interpreter.interpretLoop(Unknown Source)
	at sun.org.mozilla.javascript.internal.Interpreter.interpret(Unknown Source)
	at sun.org.mozilla.javascript.internal.InterpretedFunction.call(Unknown Source)
	at sun.org.mozilla.javascript.internal.ContextFactory.doTopCall(Unknown Source)
	at com.sun.script.javascript.RhinoScriptEngine$1.superDoTopCall(Unknown Source)
	at com.sun.script.javascript.RhinoScriptEngine$1.doTopCall(Unknown Source)
	at sun.org.mozilla.javascript.internal.ScriptRuntime.doTopCall(Unknown Source)
	at sun.org.mozilla.javascript.internal.InterpretedFunction.call(Unknown Source)
	at com.sun.script.javascript.RhinoScriptEngine.invoke(Unknown Source)
	at com.sun.script.javascript.RhinoScriptEngine.invokeFunction(Unknown Source)
	at scripting.NPCScriptManager.action(NPCScriptManager.java:92)
	at handling.channel.handler.NPCHandler.NPCMoreTalk(NPCHandler.java:403)
	at handling.MapleServerHandler.handlePacket(MapleServerHandler.java:954)
	at handling.MapleServerHandler.messageReceived(MapleServerHandler.java:462)
	at org.apache.mina.common.support.AbstractIoFilterChain$TailFilter.messageReceived(AbstractIoFilterChain.java:570)
	at org.apache.mina.common.support.AbstractIoFilterChain.callNextMessageReceived(AbstractIoFilterChain.java:299)
	at org.apache.mina.common.support.AbstractIoFilterChain.access$1100(AbstractIoFilterChain.java:53)
	at org.apache.mina.common.support.AbstractIoFilterChain$EntryImpl$1.messageReceived(AbstractIoFilterChain.java:648)
	at org.apache.mina.filter.codec.support.SimpleProtocolDecoderOutput.flush(SimpleProtocolDecoderOutput.java:58)
	at org.apache.mina.filter.codec.ProtocolCodecFilter.messageReceived(ProtocolCodecFilter.java:180)
	at org.apache.mina.common.support.AbstractIoFilterChain.callNextMessageReceived(AbstractIoFilterChain.java:299)
	at org.apache.mina.common.support.AbstractIoFilterChain.access$1100(AbstractIoFilterChain.java:53)
	at org.apache.mina.common.support.AbstractIoFilterChain$EntryImpl$1.messageReceived(AbstractIoFilterChain.java:648)
	at org.apache.mina.filter.executor.ExecutorFilter.processEvent(ExecutorFilter.java:220)
	at org.apache.mina.filter.executor.ExecutorFilter$ProcessEventsRunnable.run(ExecutorFilter.java:264)
	at java.util.concurrent.ThreadPoolExecutor.runWorker(Unknown Source)
	at java.util.concurrent.ThreadPoolExecutor$Worker.run(Unknown Source)
	at org.apache.mina.util.NamePreservingRunnable.run(NamePreservingRunnable.java:51)
	at java.lang.Thread.run(Unknown Source)
Caused by: sun.org.mozilla.javascript.internal.EcmaError: TypeError: Cannot call method "resetFully" of null (<Unknown source>#13)
	at sun.org.mozilla.javascript.internal.ScriptRuntime.constructError(Unknown Source)
	at sun.org.mozilla.javascript.internal.ScriptRuntime.constructError(Unknown Source)
	at sun.org.mozilla.javascript.internal.ScriptRuntime.typeError(Unknown Source)
	at sun.org.mozilla.javascript.internal.ScriptRuntime.typeError2(Unknown Source)
	at sun.org.mozilla.javascript.internal.ScriptRuntime.undefCallError(Unknown Source)
	at sun.org.mozilla.javascript.internal.ScriptRuntime.getPropFunctionAndThisHelper(Unknown Source)
	at sun.org.mozilla.javascript.internal.ScriptRuntime.getPropFunctionAndThis(Unknown Source)
	at sun.org.mozilla.javascript.internal.Interpreter.interpretLoop(Unknown Source)
	at sun.org.mozilla.javascript.internal.Interpreter.interpret(Unknown Source)
	at sun.org.mozilla.javascript.internal.InterpretedFunction.call(Unknown Source)
	... 38 more
Error executing NPC script. NPC ID : 9310008:javax.script.ScriptException: sun.org.mozilla.javascript.internal.WrappedException: Wrapped java.lang.NullPointerException (<Unknown source>#137) in <Unknown source> at line number 137
Error executing NPC script. NPC ID : 9310008:javax.script.ScriptException: sun.org.mozilla.javascript.internal.WrappedException: Wrapped java.lang.NullPointerException (<Unknown source>#137) in <Unknown source> at line number 137
Error executing NPC script. NPC ID : 9102002:javax.script.ScriptException: sun.org.mozilla.javascript.internal.EcmaError: TypeError: Cannot read property "-1" from null (<Unknown source>#27) in <Unknown source> at line number 27
Error executing NPC script, NPC ID : 9010000.java.lang.NoSuchMethodException: no such method: action
Error entering Portalscript: TD_Boss_enter (TargetMapID: 999999999, PortalID: 2) : java.lang.reflect.UndeclaredThrowableException / java.security.PrivilegedActionException: javax.script.ScriptException: sun.org.mozilla.javascript.internal.EcmaError: TypeError: Cannot find function dispose in object scripting.PortalPlayerInteraction@39ed1fce. (<Unknown Source>#23) in <Unknown Source> at line number 23
Error entering Portalscript: TD_Boss_enter (TargetMapID: 999999999, PortalID: 2) : java.lang.reflect.UndeclaredThrowableException / java.security.PrivilegedActionException: javax.script.ScriptException: sun.org.mozilla.javascript.internal.EcmaError: TypeError: Cannot find function dispose in object scripting.PortalPlayerInteraction@1880bce1. (<Unknown Source>#23) in <Unknown Source> at line number 23
Error executing NPC script, NPC ID : 9010000.java.lang.NoSuchMethodException: no such method: action
Error executing NPC script, NPC ID : 9010000.java.lang.NoSuchMethodException: no such method: action
Error executing NPC script, NPC ID : 9010000.java.lang.NoSuchMethodException: no such method: action
Error executing NPC script, NPC ID : 9010000.java.lang.NoSuchMethodException: no such method: action
Error executing NPC script, NPC ID : 9010000.java.lang.NoSuchMethodException: no such method: action
Error executing NPC script. NPC ID : 9102002:javax.script.ScriptException: sun.org.mozilla.javascript.internal.EcmaError: TypeError: Cannot read property "-1" from null (<Unknown source>#27) in <Unknown source> at line number 27
Error executing Quest script. (3181)..NPCID: 2020005:java.lang.NoSuchMethodException: no such method: end
Error executing Quest script. (3181)..NPCID: 2020005:java.lang.NoSuchMethodException: no such method: end
Error executing Quest script. (3181)..NPCID: 2020005:java.lang.NoSuchMethodException: no such method: end
Error executing Quest script. (3181)..NPCID: 2020005:java.lang.NoSuchMethodException: no such method: end
Error executing Quest script. (3181)..NPCID: 2020005:java.lang.NoSuchMethodException: no such method: end
Error executing Quest script. (3181)..NPCID: 2020005:java.lang.NoSuchMethodException: no such method: end
Error executing Quest script. (3181)..NPCID: 2020005:java.lang.NoSuchMethodException: no such method: end
Error executing Quest script. (3181)..NPCID: 2020005:java.lang.NoSuchMethodException: no such method: end
Error executing Quest script. (3181)..NPCID: 2020005:java.lang.NoSuchMethodException: no such method: end
Error executing NPC script. NPC ID : 9200000:javax.script.ScriptException: sun.org.mozilla.javascript.internal.EcmaError: TypeError: Cannot find function gmLevel in object client.MapleCharacter@5e3b1030. (<Unknown source>#34) in <Unknown source> at line number 34
Error executing NPC script. NPC ID : 9200000:javax.script.ScriptException: sun.org.mozilla.javascript.internal.EcmaError: TypeError: Cannot find function gmLevel in object client.MapleCharacter@5e3b1030. (<Unknown source>#34) in <Unknown source> at line number 34
Error executing script. Path: scripts/npc/2091010.js
Exception javax.script.ScriptException: sun.org.mozilla.javascript.internal.EcmaError: ReferenceError: "load" is not defined. (<Unknown source>#1) in <Unknown source> at line number 1
Error executing NPC script, NPC ID : 9010000.java.lang.NoSuchMethodException: no such method: action
Error executing NPC script. NPC ID : 9102002:javax.script.ScriptException: sun.org.mozilla.javascript.internal.EcmaError: TypeError: Cannot read property "-1" from null (<Unknown source>#27) in <Unknown source> at line number 27
Error executing NPC script, NPC ID : 9201050.javax.script.ScriptException: sun.org.mozilla.javascript.internal.EcmaError: TypeError: Cannot find function isQuestStarted in object scripting.NPCConversationManager@5a945675. (<Unknown source>#43) in <Unknown source> at line number 43
Error executing NPC script. NPC ID : 9070007:javax.script.ScriptException: sun.org.mozilla.javascript.internal.EcmaError: TypeError: Cannot find function getBattler in object client.MapleCharacter@49333bfc. (<Unknown source>#10) in <Unknown source> at line number 10
Error executing NPC script. NPC ID : 9310008:javax.script.ScriptException: sun.org.mozilla.javascript.internal.WrappedException: Wrapped java.lang.NullPointerException (<Unknown source>#137) in <Unknown source> at line number 137
Error executing NPC script. NPC ID : 9310008:javax.script.ScriptException: sun.org.mozilla.javascript.internal.WrappedException: Wrapped java.lang.NullPointerException (<Unknown source>#137) in <Unknown source> at line number 137
Error executing NPC script, NPC ID : 9010000.java.lang.NoSuchMethodException: no such method: action
Error executing NPC script. NPC ID : 9310008:javax.script.ScriptException: sun.org.mozilla.javascript.internal.WrappedException: Wrapped java.lang.NullPointerException (<Unknown source>#137) in <Unknown source> at line number 137
Error executing NPC script. NPC ID : 9310008:javax.script.ScriptException: sun.org.mozilla.javascript.internal.WrappedException: Wrapped java.lang.NullPointerException (<Unknown source>#137) in <Unknown source> at line number 137
Error executing NPC script. NPC ID : 9310008:javax.script.ScriptException: sun.org.mozilla.javascript.internal.WrappedException: Wrapped java.lang.NullPointerException (<Unknown source>#137) in <Unknown source> at line number 137
ERROR Running ArdentmillReset error: com.mysql.jdbc.exceptions.jdbc4.CommunicationsException: The last packet successfully received from the server was 86,399,985 milliseconds ago.  The last packet sent successfully to the server was 86,400,000 milliseconds ago. is longer than the server configured value of 'wait_timeout'. You should consider either expiring and/or testing connection validity before use in your application, increasing the server configured values for client timeouts, or using the Connector/J connection property 'autoReconnect=true' to avoid this problem.
ERROR Running AzwanDailyCheck error: com.mysql.jdbc.exceptions.jdbc4.CommunicationsException: The last packet successfully received from the server was 86,399,954 milliseconds ago.  The last packet sent successfully to the server was 86,400,000 milliseconds ago. is longer than the server configured value of 'wait_timeout'. You should consider either expiring and/or testing connection validity before use in your application, increasing the server configured values for client timeouts, or using the Connector/J connection property 'autoReconnect=true' to avoid this problem.
Error executing Quest script. (3181)..NPCID: 2020005:java.lang.NoSuchMethodException: no such method: end
Error executing Quest script. (3181)..NPCID: 2020005:java.lang.NoSuchMethodException: no such method: end
Error executing Quest script. (3181)..NPCID: 2020005:java.lang.NoSuchMethodException: no such method: end
Error executing Quest script. (3181)..NPCID: 2020005:java.lang.NoSuchMethodException: no such method: end
Error executing Quest script. (3181)..NPCID: 2020005:java.lang.NoSuchMethodException: no such method: end
Error executing Quest script. (3181)..NPCID: 2020005:java.lang.NoSuchMethodException: no such method: end
Error executing Quest script. (3181)..NPCID: 2020005:java.lang.NoSuchMethodException: no such method: end
Error executing Quest script. (3181)..NPCID: 2020005:java.lang.NoSuchMethodException: no such method: end
Error executing Quest script. (3181)..NPCID: 2020005:java.lang.NoSuchMethodException: no such method: end
Error executing Quest script. (3181)..NPCID: 2020005:java.lang.NoSuchMethodException: no such method: end
Error executing Quest script. (3181)..NPCID: 2020005:java.lang.NoSuchMethodException: no such method: end
Error executing NPC script. NPC ID : 9310008:javax.script.ScriptException: sun.org.mozilla.javascript.internal.WrappedException: Wrapped java.lang.NullPointerException (<Unknown source>#137) in <Unknown source> at line number 137
Error entering Portalscript: outCG (TargetMapID: 999999999, PortalID: 5) : java.lang.reflect.UndeclaredThrowableException / java.security.PrivilegedActionException: javax.script.ScriptException: sun.org.mozilla.javascript.internal.WrappedException: Wrapped java.lang.IllegalArgumentException: No enum constant server.maps.SavedLocationType.CRYSTALGARDEN (<Unknown Source>#17) in <Unknown Source> at line number 17
Error entering Portalscript: outCG (TargetMapID: 999999999, PortalID: 5) : java.lang.reflect.UndeclaredThrowableException / java.security.PrivilegedActionException: javax.script.ScriptException: sun.org.mozilla.javascript.internal.WrappedException: Wrapped java.lang.IllegalArgumentException: No enum constant server.maps.SavedLocationType.CRYSTALGARDEN (<Unknown Source>#17) in <Unknown Source> at line number 17
Error executing NPC script. NPC ID : 9070007:javax.script.ScriptException: sun.org.mozilla.javascript.internal.EcmaError: TypeError: Cannot find function getBattler in object client.MapleCharacter@4ba5b3d2. (<Unknown source>#10) in <Unknown source> at line number 10
Error entering Portalscript: outCG (TargetMapID: 999999999, PortalID: 5) : java.lang.reflect.UndeclaredThrowableException / java.security.PrivilegedActionException: javax.script.ScriptException: sun.org.mozilla.javascript.internal.WrappedException: Wrapped java.lang.IllegalArgumentException: No enum constant server.maps.SavedLocationType.CRYSTALGARDEN (<Unknown Source>#17) in <Unknown Source> at line number 17
Error entering Portalscript: outCG (TargetMapID: 999999999, PortalID: 5) : java.lang.reflect.UndeclaredThrowableException / java.security.PrivilegedActionException: javax.script.ScriptException: sun.org.mozilla.javascript.internal.WrappedException: Wrapped java.lang.IllegalArgumentException: No enum constant server.maps.SavedLocationType.CRYSTALGARDEN (<Unknown Source>#17) in <Unknown Source> at line number 17
Error entering Portalscript: outCG (TargetMapID: 999999999, PortalID: 5) : java.lang.reflect.UndeclaredThrowableException / java.security.PrivilegedActionException: javax.script.ScriptException: sun.org.mozilla.javascript.internal.WrappedException: Wrapped java.lang.IllegalArgumentException: No enum constant server.maps.SavedLocationType.CRYSTALGARDEN (<Unknown Source>#17) in <Unknown Source> at line number 17
Error entering Portalscript: outCG (TargetMapID: 999999999, PortalID: 5) : java.lang.reflect.UndeclaredThrowableException / java.security.PrivilegedActionException: javax.script.ScriptException: sun.org.mozilla.javascript.internal.WrappedException: Wrapped java.lang.IllegalArgumentException: No enum constant server.maps.SavedLocationType.CRYSTALGARDEN (<Unknown Source>#17) in <Unknown Source> at line number 17
Error entering Portalscript: outCG (TargetMapID: 999999999, PortalID: 5) : java.lang.reflect.UndeclaredThrowableException / java.security.PrivilegedActionException: javax.script.ScriptException: sun.org.mozilla.javascript.internal.WrappedException: Wrapped java.lang.IllegalArgumentException: No enum constant server.maps.SavedLocationType.CRYSTALGARDEN (<Unknown Source>#17) in <Unknown Source> at line number 17
Error entering Portalscript: outCG (TargetMapID: 999999999, PortalID: 5) : java.lang.reflect.UndeclaredThrowableException / java.security.PrivilegedActionException: javax.script.ScriptException: sun.org.mozilla.javascript.internal.WrappedException: Wrapped java.lang.IllegalArgumentException: No enum constant server.maps.SavedLocationType.CRYSTALGARDEN (<Unknown Source>#17) in <Unknown Source> at line number 17
Error entering Portalscript: outCG (TargetMapID: 999999999, PortalID: 5) : java.lang.reflect.UndeclaredThrowableException / java.security.PrivilegedActionException: javax.script.ScriptException: sun.org.mozilla.javascript.internal.WrappedException: Wrapped java.lang.IllegalArgumentException: No enum constant server.maps.SavedLocationType.CRYSTALGARDEN (<Unknown Source>#17) in <Unknown Source> at line number 17
Error entering Portalscript: outCG (TargetMapID: 999999999, PortalID: 5) : java.lang.reflect.UndeclaredThrowableException / java.security.PrivilegedActionException: javax.script.ScriptException: sun.org.mozilla.javascript.internal.WrappedException: Wrapped java.lang.IllegalArgumentException: No enum constant server.maps.SavedLocationType.CRYSTALGARDEN (<Unknown Source>#17) in <Unknown Source> at line number 17
Error entering Portalscript: outCG (TargetMapID: 999999999, PortalID: 5) : java.lang.reflect.UndeclaredThrowableException / java.security.PrivilegedActionException: javax.script.ScriptException: sun.org.mozilla.javascript.internal.WrappedException: Wrapped java.lang.IllegalArgumentException: No enum constant server.maps.SavedLocationType.CRYSTALGARDEN (<Unknown Source>#17) in <Unknown Source> at line number 17
Error executing NPC script. NPC ID : 9010022:javax.script.ScriptException: sun.org.mozilla.javascript.internal.WrappedException: Wrapped java.lang.NullPointerException (<Unknown source>#77) in <Unknown source> at line number 77
Error executing NPC script. NPC ID : 9010022:javax.script.ScriptException: sun.org.mozilla.javascript.internal.WrappedException: Wrapped java.lang.NullPointerException (<Unknown source>#77) in <Unknown source> at line number 77
Error executing NPC script. NPC ID : 9010022:javax.script.ScriptException: sun.org.mozilla.javascript.internal.WrappedException: Wrapped java.lang.NullPointerException (<Unknown source>#77) in <Unknown source> at line number 77
Error executing NPC script. NPC ID : 9310008:javax.script.ScriptException: sun.org.mozilla.javascript.internal.WrappedException: Wrapped java.lang.NullPointerException (<Unknown source>#137) in <Unknown source> at line number 137
Error executing NPC script. NPC ID : 9310008:javax.script.ScriptException: sun.org.mozilla.javascript.internal.WrappedException: Wrapped java.lang.NullPointerException (<Unknown source>#137) in <Unknown source> at line number 137
Error executing NPC script. NPC ID : 9010022:javax.script.ScriptException: sun.org.mozilla.javascript.internal.WrappedException: Wrapped java.lang.NullPointerException (<Unknown source>#77) in <Unknown source> at line number 77
Error executing NPC script, NPC ID : 9010000.java.lang.NoSuchMethodException: no such method: action
Error executing NPC script, NPC ID : 9010000.java.lang.NoSuchMethodException: no such method: action
Error executing NPC script, NPC ID : 9010000.java.lang.NoSuchMethodException: no such method: action
Error executing NPC script. NPC ID : 9070007:javax.script.ScriptException: sun.org.mozilla.javascript.internal.EcmaError: TypeError: Cannot find function getBattler in object client.MapleCharacter@43acf276. (<Unknown source>#10) in <Unknown source> at line number 10
Error executing NPC script. NPC ID : 9310008:javax.script.ScriptException: sun.org.mozilla.javascript.internal.WrappedException: Wrapped java.lang.NullPointerException (<Unknown source>#137) in <Unknown source> at line number 137
Error executing NPC script, NPC ID : 9010000.java.lang.NoSuchMethodException: no such method: action
Error executing NPC script, NPC ID : 9010000.java.lang.NoSuchMethodException: no such method: action
Error executing NPC script. NPC ID : 9310008:javax.script.ScriptException: sun.org.mozilla.javascript.internal.WrappedException: Wrapped java.lang.NullPointerException (<Unknown source>#137) in <Unknown source> at line number 137
Error executing NPC script. NPC ID : 9310008:javax.script.ScriptException: sun.org.mozilla.javascript.internal.WrappedException: Wrapped java.lang.NullPointerException (<Unknown source>#137) in <Unknown source> at line number 137
Error executing NPC script. NPC ID : 9200000:javax.script.ScriptException: sun.org.mozilla.javascript.internal.EcmaError: TypeError: Cannot find function gmLevel in object client.MapleCharacter@58ed88f0. (<Unknown source>#34) in <Unknown source> at line number 34
Error executing script. Path: scripts/npc/2183003.js
Exception javax.script.ScriptException: sun.org.mozilla.javascript.internal.EcmaError: ReferenceError: "load" is not defined. (<Unknown source>#1) in <Unknown source> at line number 1
Error executing NPC script. NPC ID : 9200000:javax.script.ScriptException: sun.org.mozilla.javascript.internal.EcmaError: TypeError: Cannot find function gmLevel in object client.MapleCharacter@5bc1d9ab. (<Unknown source>#34) in <Unknown source> at line number 34
Error entering Portalscript: mc_out (TargetMapID: 999999999, PortalID: 4) : java.lang.reflect.UndeclaredThrowableException / java.security.PrivilegedActionException: javax.script.ScriptException: sun.org.mozilla.javascript.internal.WrappedException: Wrapped java.lang.NullPointerException (<Unknown Source>#7) in <Unknown Source> at line number 7
Error executing NPC script, NPC ID : 9010000.java.lang.NoSuchMethodException: no such method: action
Error executing NPC script. NPC ID : 9010022:javax.script.ScriptException: sun.org.mozilla.javascript.internal.WrappedException: Wrapped java.lang.NullPointerException (<Unknown source>#77) in <Unknown source> at line number 77
Error executing NPC script. NPC ID : 9310008:javax.script.ScriptException: sun.org.mozilla.javascript.internal.WrappedException: Wrapped java.lang.NullPointerException (<Unknown source>#137) in <Unknown source> at line number 137
Error executing NPC script. NPC ID : 2103013:javax.script.ScriptException: sun.org.mozilla.javascript.internal.WrappedException: Wrapped java.lang.NullPointerException (<Unknown source>#97) in <Unknown source> at line number 97
Error executing NPC script. NPC ID : 2103013:javax.script.ScriptException: sun.org.mozilla.javascript.internal.WrappedException: Wrapped java.lang.NullPointerException (<Unknown source>#97) in <Unknown source> at line number 97
Error executing NPC script. NPC ID : 9200000:javax.script.ScriptException: sun.org.mozilla.javascript.internal.EcmaError: TypeError: Cannot find function gmLevel in object client.MapleCharacter@23f614d6. (<Unknown source>#34) in <Unknown source> at line number 34
Error executing NPC script. NPC ID : 2091011:javax.script.ScriptException: sun.org.mozilla.javascript.internal.EcmaError: TypeError: Cannot find function getPQLog in object scripting.NPCConversationManager@675664c7. (<Unknown source>#234) in <Unknown source> at line number 234
Error executing NPC script. NPC ID : 2091011:javax.script.ScriptException: sun.org.mozilla.javascript.internal.EcmaError: TypeError: Cannot find function getPQLog in object scripting.NPCConversationManager@7aa4fc83. (<Unknown source>#208) in <Unknown source> at line number 208
Error executing NPC script. NPC ID : 2091011:javax.script.ScriptException: sun.org.mozilla.javascript.internal.EcmaError: TypeError: Cannot find function getPQLog in object scripting.NPCConversationManager@6932ff71. (<Unknown source>#221) in <Unknown source> at line number 221
Error executing NPC script. NPC ID : 9310008:javax.script.ScriptException: sun.org.mozilla.javascript.internal.WrappedException: Wrapped java.lang.NullPointerException (<Unknown source>#137) in <Unknown source> at line number 137
Error executing NPC script, NPC ID : 9010000.java.lang.NoSuchMethodException: no such method: action
Error executing NPC script, NPC ID : 9010000.java.lang.NoSuchMethodException: no such method: action
Error executing NPC script, NPC ID : 9010000.java.lang.NoSuchMethodException: no such method: action
Error executing NPC script, NPC ID : 9010000.java.lang.NoSuchMethodException: no such method: action
Error executing NPC script. NPC ID : 9310008:javax.script.ScriptException: sun.org.mozilla.javascript.internal.WrappedException: Wrapped java.lang.NullPointerException (<Unknown source>#137) in <Unknown source> at line number 137
Error executing NPC script, NPC ID : 9010000.java.lang.NoSuchMethodException: no such method: action
Error executing NPC script, NPC ID : 9010000.java.lang.NoSuchMethodException: no such method: action
